DEBUG:root:Unique Record Generated
DEBUG:root:Single Record Xml File Created
DEBUG:root:Mutiple Record Xml File Created
DEBUG:root:configuration file filter on basis of user Service Indication
DEBUG:root:Unique Record Generated
DEBUG:root:Single Record Xml File Created
DEBUG:root:Mutiple Record Xml File Created
DEBUG:root:configuration file filter on basis of user Service Indication
DEBUG:root:Unique Record Generated
DEBUG:root:Single Record Xml File Created
DEBUG:root:Mutiple Record Xml File Created
DEBUG:root:configuration file filter on basis of user Service Indication
DEBUG:root:Unique Record Generated
DEBUG:root:Single Record Xml File Created
DEBUG:root:Mutiple Record Xml File Created
DEBUG:root:configuration file filter on basis of user Service Indication
DEBUG:root:Unique Record Generated
DEBUG:root:Single Record Xml File Created
DEBUG:root:Unique Record Generated
DEBUG:root:Single Record Xml File Created
DEBUG:root:Mutiple Record Xml File Created
DEBUG:root:configuration file filter on basis of user Service Indication
DEBUG:root:Unique Record Generated
DEBUG:root:Single Record Xml File Created
DEBUG:root:Unique Record Generated
DEBUG:root:Single Record Xml File Created
DEBUG:root:Unique Record Generated
DEBUG:root:Single Record Xml File Created
DEBUG:root:Unique Record Generated
DEBUG:root:Single Record Xml File Created
DEBUG:root:Unique Record Generated
DEBUG:root:Single Record Xml File Created
DEBUG:root:Unique Record Generated
DEBUG:root:Single Record Xml File Created
DEBUG:root:Unique Record Generated
DEBUG:root:Single Record Xml File Created
DEBUG:root:Mutiple Record Xml File Created
DEBUG:root:configuration file filter on basis of user Service Indication
DEBUG:root:Unique Record Generated
DEBUG:root:Single Record Xml File Created
DEBUG:root:Mutiple Record Xml File Created
DEBUG:root:configuration file filter on basis of user Service Indication
DEBUG:root:Unique Record Generated
DEBUG:root:Single Record Xml File Created
DEBUG:root:Mutiple Record Xml File Created
DEBUG:root:configuration file filter on basis of user Service Indication
DEBUG:root:Unique Record Generated
DEBUG:root:Single Record Xml File Created
DEBUG:root:Mutiple Record Xml File Created
DEBUG:root:configuration file filter on basis of user Service Indication
DEBUG:root:Unique Record Generated
DEBUG:root:Single Record Xml File Created
DEBUG:root:Mutiple Record Xml File Created
DEBUG:root:configuration file filter on basis of user Service Indication
DEBUG:root:Unique Record Generated
DEBUG:root:Single Record Xml File Created
DEBUG:root:Mutiple Record Xml File Created
DEBUG:root:configuration file filter on basis of user Service Indication
DEBUG:root:Unique Record Generated
DEBUG:root:Single Record Xml File Created
DEBUG:root:Mutiple Record Xml File Created
DEBUG:root:configuration file filter on basis of user Service Indication
DEBUG:root:Unique Record Generated
DEBUG:root:Single Record Xml File Created
DEBUG:root:Unique Record Generated
DEBUG:root:Single Record Xml File Created
DEBUG:root:Unique Record Generated
DEBUG:root:Single Record Xml File Created
DEBUG:root:Mutiple Record Xml File Created
DEBUG:root:configuration file filter on basis of user Service Indication
DEBUG:root:Unique Record Generated
DEBUG:root:Single Record Xml File Created
DEBUG:root:Mutiple Record Xml File Created
DEBUG:root:configuration file filter on basis of user Service Indication
DEBUG:root:Unique Record Generated
DEBUG:root:Single Record Xml File Created
DEBUG:root:Mutiple Record Xml File Created
DEBUG:root:configuration file filter on basis of user Service Indication
DEBUG:root:Unique Record Generated
DEBUG:root:Single Record Xml File Created
DEBUG:root:Mutiple Record Xml File Created
DEBUG:root:configuration file filter on basis of user Service Indication
DEBUG:root:Unique Record Generated
DEBUG:root:Single Record Xml File Created
DEBUG:root:Mutiple Record Xml File Created
DEBUG:root:configuration file filter on basis of user Service Indication
DEBUG:root:Unique Record Generated
DEBUG:root:Single Record Xml File Created
DEBUG:root:Mutiple Record Xml File Created
DEBUG:root:configuration file filter on basis of user Service Indication
DEBUG:root:Unique Record Generated
DEBUG:root:Single Record Xml File Created
DEBUG:root:Unique Record Generated
DEBUG:root:Single Record Xml File Created
DEBUG:root:Mutiple Record Xml File Created
DEBUG:root:configuration file filter on basis of user Service Indication
DEBUG:root:Unique Record Generated
DEBUG:root:Single Record Xml File Created
DEBUG:root:Mutiple Record Xml File Created
DEBUG:root:configuration file filter on basis of user Service Indication
DEBUG:root:Unique Record Generated
DEBUG:root:Single Record Xml File Created
DEBUG:root:Mutiple Record Xml File Created
DEBUG:root:Unique Record Generated
DEBUG:root:Single Record Xml File Created
DEBUG:root:Mutiple Record Xml File Created
DEBUG:root:Unique Record Generated
DEBUG:root:Single Record Xml File Created
DEBUG:root:Mutiple Record Xml File Created
DEBUG:root:configuration file filter on basis of user Service Indication
DEBUG:root:Unique Record Generated
DEBUG:root:Single Record Xml File Created
DEBUG:root:Mutiple Record Xml File Created
DEBUG:root:configuration file filter on basis of user Service Indication
DEBUG:root:Unique Record Generated
DEBUG:root:Single Record Xml File Created
DEBUG:root:Mutiple Record Xml File Created
DEBUG:root:configuration file filter on basis of user Service Indication
DEBUG:root:Unique Record Generated
DEBUG:root:Single Record Xml File Created
DEBUG:root:Mutiple Record Xml File Created
DEBUG:root:configuration file filter on basis of user Service Indication
DEBUG:root:Unique Record Generated
DEBUG:root:Single Record Xml File Created
DEBUG:root:Mutiple Record Xml File Created
DEBUG:root:configuration file filter on basis of user Service Indication
DEBUG:root:Unique Record Generated
DEBUG:root:Single Record Xml File Created
DEBUG:root:Mutiple Record Xml File Created
DEBUG:root:Unique Record Generated
DEBUG:root:Single Record Xml File Created
DEBUG:root:Mutiple Record Xml File Created
DEBUG:root:configuration file filter on basis of user Service Indication
DEBUG:root:Unique Record Generated
DEBUG:root:Single Record Xml File Created
DEBUG:root:Mutiple Record Xml File Created
DEBUG:root:configuration file filter on basis of user Service Indication
DEBUG:root:Unique Record Generated
DEBUG:root:Single Record Xml File Created
DEBUG:root:Mutiple Record Xml File Created
DEBUG:root:configuration file filter on basis of user Service Indication
DEBUG:root:Unique Record Generated
DEBUG:root:Single Record Xml File Created
DEBUG:root:Mutiple Record Xml File Created
DEBUG:root:configuration file filter on basis of user Service Indication
DEBUG:root:Unique Record Generated
DEBUG:root:Single Record Xml File Created
DEBUG:root:Mutiple Record Xml File Created
DEBUG:root:Unique Record Generated
DEBUG:root:Single Record Xml File Created
DEBUG:root:Mutiple Record Xml File Created
DEBUG:root:configuration file filter on basis of user Service Indication
DEBUG:root:Unique Record Generated
DEBUG:root:Single Record Xml File Created
DEBUG:root:Mutiple Record Xml File Created
DEBUG:root:Unique Record Generated
DEBUG:root:Single Record Xml File Created
DEBUG:root:Mutiple Record Xml File Created
DEBUG:root:configuration file filter on basis of user Service Indication
DEBUG:root:Unique Record Generated
DEBUG:root:Single Record Xml File Created
DEBUG:root:Mutiple Record Xml File Created
DEBUG:root:configuration file filter on basis of user Service Indication
DEBUG:root:Unique Record Generated
DEBUG:root:Single Record Xml File Created
DEBUG:root:Mutiple Record Xml File Created
DEBUG:root:configuration file filter on basis of user Service Indication
DEBUG:root:Unique Record Generated
DEBUG:root:Single Record Xml File Created
DEBUG:root:Mutiple Record Xml File Created
DEBUG:root:Unique Record Generated
DEBUG:root:Single Record Xml File Created
DEBUG:root:Mutiple Record Xml File Created
DEBUG:root:configuration file filter on basis of user Service Indication
DEBUG:root:Unique Record Generated
DEBUG:root:Single Record Xml File Created
DEBUG:root:Mutiple Record Xml File Created
DEBUG:root:configuration file filter on basis of user Service Indication
DEBUG:root:Unique Record Generated
DEBUG:root:Single Record Xml File Created
DEBUG:root:Mutiple Record Xml File Created
DEBUG:root:configuration file filter on basis of user Service Indication
DEBUG:root:Unique Record Generated
DEBUG:root:Single Record Xml File Created
DEBUG:root:Mutiple Record Xml File Created
DEBUG:root:configuration file filter on basis of user Service Indication
DEBUG:root:Unique Record Generated
DEBUG:root:Single Record Xml File Created
DEBUG:root:Mutiple Record Xml File Created
DEBUG:root:configuration file filter on basis of user Service Indication
DEBUG:root:Unique Record Generated
DEBUG:root:Single Record Xml File Created
DEBUG:root:Mutiple Record Xml File Created
DEBUG:root:configuration file filter on basis of user Service Indication
DEBUG:root:Unique Record Generated
DEBUG:root:Single Record Xml File Created
DEBUG:root:Mutiple Record Xml File Created
DEBUG:root:configuration file filter on basis of user Service Indication
DEBUG:root:Unique Record Generated
DEBUG:root:Single Record Xml File Created
DEBUG:root:Mutiple Record Xml File Created
DEBUG:root:configuration file filter on basis of user Service Indication
DEBUG:root:Unique Record Generated
DEBUG:root:Single Record Xml File Created
DEBUG:root:Mutiple Record Xml File Created
DEBUG:root:configuration file filter on basis of user Service Indication
DEBUG:root:Unique Record Generated
DEBUG:root:Single Record Xml File Created
DEBUG:root:Mutiple Record Xml File Created
DEBUG:root:configuration file filter on basis of user Service Indication
DEBUG:root:Unique Record Generated
DEBUG:root:Single Record Xml File Created
DEBUG:root:Mutiple Record Xml File Created
DEBUG:root:configuration file filter on basis of user Service Indication
DEBUG:root:Unique Record Generated
DEBUG:root:Single Record Xml File Created
DEBUG:root:Mutiple Record Xml File Created
DEBUG:root:Unique Record Generated
DEBUG:root:Single Record Xml File Created
DEBUG:root:Mutiple Record Xml File Created
DEBUG:root:configuration file filter on basis of user Service Indication
DEBUG:root:Unique Record Generated
DEBUG:root:Single Record Xml File Created
DEBUG:root:Mutiple Record Xml File Created
DEBUG:root:configuration file filter on basis of user Service Indication
DEBUG:root:Unique Record Generated
DEBUG:root:Single Record Xml File Created
DEBUG:root:Mutiple Record Xml File Created
DEBUG:root:configuration file filter on basis of user Service Indication
DEBUG:root:Unique Record Generated
DEBUG:root:Single Record Xml File Created
DEBUG:root:Mutiple Record Xml File Created
DEBUG:root:Unique Record Generated
DEBUG:root:Single Record Xml File Created
DEBUG:root:Mutiple Record Xml File Created
DEBUG:root:Unique Record Generated
DEBUG:root:Single Record Xml File Created
DEBUG:root:Mutiple Record Xml File Created
DEBUG:root:Unique Record Generated
DEBUG:root:Single Record Xml File Created
DEBUG:root:Mutiple Record Xml File Created
DEBUG:root:configuration file filter on basis of user Service Indication
DEBUG:root:Unique Record Generated
DEBUG:root:Single Record Xml File Created
DEBUG:root:Mutiple Record Xml File Created
DEBUG:root:configuration file filter on basis of user Service Indication
DEBUG:root:Unique Record Generated
DEBUG:root:Single Record Xml File Created
DEBUG:root:Mutiple Record Xml File Created
DEBUG:root:configuration file filter on basis of user Service Indication
DEBUG:root:Reading Record of Csv file
DEBUG:root:Unique Record of AuditSubscriber
DEBUG:root:Single Record Xml File Created for AuditSubscriber
DEBUG:root:Mutiple Record Xml File Created for AuditSubscriber
DEBUG:root:configuration file filter on basis of user Service Indication
2021-03-25 16:46:08,243 : Reading Record of Csv file
2021-03-25 16:46:08,250 : Unique Record of AuditSubscriber
2021-03-25 16:46:08,252 : Single Record Xml File Created for AuditSubscriber
2021-03-25 16:46:08,253 : Mutiple Record Xml File Created for AuditSubscriber
2021-03-25 16:46:08,256 : configuration file filter on basis of user Service Indication
2021-03-25 17:04:10,812 : Reading Record of Csv file successfully done
2021-03-25 17:04:10,819 : finding Unique Record of AuditSubscriber Successfully done
2021-03-25 17:04:10,821 : Single Record Xml File Created for AuditSubscriber Successfully done
2021-03-25 17:04:10,822 : Mutiple Record Xml File Created for AuditSubscriber- Successfully done
2021-03-25 17:04:10,825 : configuration file filter on basis of user Service Indication Successfully done
2021-03-26 16:55:47,776 : Reading Record of Csv file successfully done
2021-03-26 16:55:47,792 : finding Unique Record of AuditSubscriber Successfully done
2021-03-26 16:55:47,795 : Single Record Xml File Created for AuditSubscriber Successfully done
2021-03-26 16:55:47,798 : Mutiple Record Xml File Created for AuditSubscriber- Successfully done
2021-03-26 16:55:47,805 : configuration file filter on basis of user Service Indication Successfully done
2021-03-26 17:00:14,259 : Reading Record of Csv file successfully done
2021-03-26 17:00:14,269 : finding Unique Record of AuditSubscriber Successfully done
2021-03-26 17:00:14,269 : Single Record Xml File Created for AuditSubscriber Successfully done
2021-03-26 17:00:14,272 : Mutiple Record Xml File Created for AuditSubscriber- Successfully done
2021-03-26 17:00:14,276 : configuration file filter on basis of user Service Indication Successfully done
2021-03-26 17:00:46,844 : Reading Record of Csv file successfully done
2021-03-26 17:00:46,864 : finding Unique Record of AuditSubscriber Successfully done
2021-03-26 17:00:46,864 : Single Record Xml File Created for AuditSubscriber Successfully done
2021-03-26 17:00:46,874 : Mutiple Record Xml File Created for AuditSubscriber- Successfully done
2021-03-26 17:00:46,882 : configuration file filter on basis of user Service Indication Successfully done
2021-03-26 17:01:14,608 : Reading Record of Csv file successfully done
2021-03-26 17:01:14,615 : finding Unique Record of AuditSubscriber Successfully done
2021-03-26 17:01:14,615 : Single Record Xml File Created for AuditSubscriber Successfully done
2021-03-26 17:01:14,615 : Mutiple Record Xml File Created for AuditSubscriber- Successfully done
2021-03-26 17:01:14,621 : configuration file filter on basis of user Service Indication Successfully done
2021-03-26 17:01:29,479 : Reading Record of Csv file successfully done
2021-03-26 17:01:29,494 : finding Unique Record of AuditSubscriber Successfully done
2021-03-26 17:01:29,496 : Single Record Xml File Created for AuditSubscriber Successfully done
2021-03-26 17:01:29,496 : Mutiple Record Xml File Created for AuditSubscriber- Successfully done
2021-03-26 17:01:29,500 : configuration file filter on basis of user Service Indication Successfully done
2021-03-26 17:07:40,960 : Reading Record of Csv file successfully done
2021-03-26 17:07:40,982 : finding Unique Record of AuditSubscriber Successfully done
2021-03-26 17:07:40,984 : Single Record Xml File Created for AuditSubscriber Successfully done
2021-03-26 17:07:40,987 : Mutiple Record Xml File Created for AuditSubscriber- Successfully done
2021-03-26 17:08:39,361 : Reading Record of Csv file successfully done
2021-03-26 17:08:39,368 : finding Unique Record of AuditSubscriber Successfully done
2021-03-26 17:08:39,368 : Single Record Xml File Created for AuditSubscriber Successfully done
2021-03-26 17:08:39,372 : Mutiple Record Xml File Created for AuditSubscriber- Successfully done
2021-03-26 17:08:39,381 : configuration file filter on basis of user Service Indication Successfully done
2021-03-26 17:09:42,009 : Reading Record of Csv file successfully done
2021-03-26 17:09:42,013 : finding Unique Record of AuditSubscriber Successfully done
2021-03-26 17:10:06,299 : Reading Record of Csv file successfully done
2021-03-26 17:10:06,299 : finding Unique Record of AuditSubscriber Successfully done
2021-03-26 17:11:27,632 : Reading Record of Csv file successfully done
2021-03-26 17:11:27,632 : finding Unique Record of AuditSubscriber Successfully done
2021-03-26 17:20:27,237 : Reading Record of Csv file successfully done
2021-03-26 17:20:27,237 : finding Unique Record of AuditSubscriber Successfully done
2021-03-26 17:20:56,286 : Reading Record of Csv file successfully done
2021-03-26 17:20:56,286 : finding Unique Record of AuditSubscriber Successfully done
2021-03-26 17:21:02,311 : Reading Record of Csv file successfully done
2021-03-26 17:21:02,311 : finding Unique Record of AuditSubscriber Successfully done
2021-03-26 17:21:49,226 : Reading Record of Csv file successfully done
2021-03-26 17:21:49,226 : finding Unique Record of AuditSubscriber Successfully done
2021-03-26 17:22:21,243 : Reading Record of Csv file successfully done
2021-03-26 17:22:21,243 : finding Unique Record of AuditSubscriber Successfully done
2021-03-26 17:23:21,772 : Reading Record of Csv file successfully done
2021-03-26 17:23:21,773 : finding Unique Record of AuditSubscriber Successfully done
2021-03-26 17:23:38,895 : Reading Record of Csv file successfully done
2021-03-26 17:23:38,898 : finding Unique Record of AuditSubscriber Successfully done
2021-03-26 17:25:59,812 : Reading Record of Csv file successfully done
2021-03-26 17:25:59,813 : finding Unique Record of AuditSubscriber Successfully done
2021-03-26 17:26:28,782 : Reading Record of Csv file successfully done
2021-03-26 17:26:28,786 : finding Unique Record of AuditSubscriber Successfully done
2021-03-26 17:29:03,519 : Reading Record of Csv file successfully done
2021-03-26 17:29:03,522 : finding Unique Record of AuditSubscriber Successfully done
2021-03-26 17:29:18,717 : Reading Record of Csv file successfully done
2021-03-26 17:29:18,717 : finding Unique Record of AuditSubscriber Successfully done
2021-03-26 17:29:18,726 : Single Record Xml File Created for AuditSubscriber Successfully done
2021-03-26 17:41:06,532 : Reading Record of Csv file successfully done
2021-03-26 17:41:06,533 : finding Unique Record of AuditSubscriber Successfully done
2021-03-26 17:41:06,533 : Single Record Xml File Created for AuditSubscriber Successfully done
2021-03-26 17:41:49,279 : Reading Record of Csv file successfully done
2021-03-26 17:41:49,279 : finding Unique Record of AuditSubscriber Successfully done
2021-03-26 17:41:49,279 : Single Record Xml File Created for AuditSubscriber Successfully done
2021-03-26 17:41:49,306 : Mutiple Record Xml File Created for AuditSubscriber- Successfully done
2021-03-26 17:41:49,318 : configuration file filter on basis of user Service Indication Successfully done
2021-03-26 17:42:49,868 : Reading Record of Csv file successfully done
2021-03-26 17:42:49,868 : finding Unique Record of AuditSubscriber Successfully done
2021-03-26 17:42:49,868 : Single Record Xml File Created for AuditSubscriber Successfully done
2021-03-26 17:42:49,875 : Mutiple Record Xml File Created for AuditSubscriber- Successfully done
2021-03-26 17:42:49,884 : configuration file filter on basis of user Service Indication Successfully done
2021-03-26 17:43:36,293 : Reading Record of Csv file successfully done
2021-03-26 17:43:36,293 : finding Unique Record of AuditSubscriber Successfully done
2021-03-26 17:43:36,293 : Single Record Xml File Created for AuditSubscriber Successfully done
2021-03-26 17:43:36,293 : Mutiple Record Xml File Created for AuditSubscriber- Successfully done
2021-03-26 17:43:36,299 : configuration file filter on basis of user Service Indication Successfully done
2021-03-26 17:44:26,265 : Reading Record of Csv file successfully done
2021-03-26 17:44:26,265 : finding Unique Record of AuditSubscriber Successfully done
2021-03-26 17:44:26,265 : Single Record Xml File Created for AuditSubscriber Successfully done
2021-03-26 17:44:26,273 : Mutiple Record Xml File Created for AuditSubscriber- Successfully done
2021-03-26 17:44:26,280 : configuration file filter on basis of user Service Indication Successfully done
2021-03-26 17:44:48,999 : Reading Record of Csv file successfully done
2021-03-26 17:44:49,043 : finding Unique Record of AuditSubscriber Successfully done
2021-03-26 17:44:49,043 : Single Record Xml File Created for AuditSubscriber Successfully done
2021-03-26 17:44:49,046 : Mutiple Record Xml File Created for AuditSubscriber- Successfully done
2021-03-26 17:44:49,063 : configuration file filter on basis of user Service Indication Successfully done
